{"/home/jalexander/projects/react-ts-shopping-cart/src/utilities/formatCurrency.ts": {"path":"/home/jalexander/projects/react-ts-shopping-cart/src/utilities/formatCurrency.ts","all":false,"statementMap":{"0":{"start":{"line":1,"column":0},"end":{"line":1,"column":61}},"1":{"start":{"line":2,"column":0},"end":{"line":2,"column":20}},"2":{"start":{"line":3,"column":0},"end":{"line":3,"column":21}},"3":{"start":{"line":4,"column":0},"end":{"line":4,"column":4}},"4":{"start":{"line":5,"column":0},"end":{"line":5,"column":2}},"5":{"start":{"line":6,"column":0},"end":{"line":6,"column":62}},"6":{"start":{"line":7,"column":0},"end":{"line":7,"column":37}},"7":{"start":{"line":8,"column":0},"end":{"line":8,"column":46}},"8":{"start":{"line":9,"column":0},"end":{"line":9,"column":5}},"9":{"start":{"line":10,"column":0},"end":{"line":10,"column":13}},"10":{"start":{"line":11,"column":0},"end":{"line":11,"column":3}}},"s":{"0":1,"1":1,"2":1,"3":1,"4":1,"5":1,"6":6,"7":3,"8":3,"9":3,"10":3},"branchMap":{"0":{"type":"branch","line":6,"loc":{"start":{"line":6,"column":9},"end":{"line":11,"column":3}},"locations":[{"start":{"line":6,"column":9},"end":{"line":11,"column":3}}]},"1":{"type":"branch","line":7,"loc":{"start":{"line":7,"column":36},"end":{"line":11,"column":3}},"locations":[{"start":{"line":7,"column":36},"end":{"line":11,"column":3}}]},"2":{"type":"branch","line":11,"loc":{"start":{"line":11,"column":2},"end":{"line":11,"column":3}},"locations":[{"start":{"line":11,"column":2},"end":{"line":11,"column":3}}]}},"b":{"0":[6],"1":[3],"2":[6]},"fnMap":{"0":{"name":"formatCurrency","decl":{"start":{"line":6,"column":9},"end":{"line":11,"column":3}},"loc":{"start":{"line":6,"column":9},"end":{"line":11,"column":3}},"line":6},"1":{"name":"get","decl":{"start":{"line":11,"column":2},"end":{"line":11,"column":3}},"loc":{"start":{"line":11,"column":2},"end":{"line":11,"column":3}},"line":11}},"f":{"0":6,"1":6}}
}
